Determining if the pthread_create exist failed with the following output:
Change Dir: /home/mika/Documents/snowglobe/sexp-cpp/CMakeFiles/CMakeTmp

Run Build Command:"/usr/bin/make" "cmTC_99f64/fast"
/usr/bin/make -f CMakeFiles/cmTC_99f64.dir/build.make CMakeFiles/cmTC_99f64.dir/build
make[1]: Entering directory '/home/mika/Documents/snowglobe/sexp-cpp/CMakeFiles/CMakeTmp'
Building C object CMakeFiles/cmTC_99f64.dir/CheckSymbolExists.c.o
/usr/bin/cc     -o CMakeFiles/cmTC_99f64.dir/CheckSymbolExists.c.o   -c /home/mika/Documents/snowglobe/sexp-cpp/CMakeFiles/CMakeTmp/CheckSymbolExists.c
Linking C executable cmTC_99f64
/usr/bin/cmake -E cmake_link_script CMakeFiles/cmTC_99f64.dir/link.txt --verbose=1
/usr/bin/cc       CMakeFiles/cmTC_99f64.dir/CheckSymbolExists.c.o  -o cmTC_99f64 -rdynamic 
CMakeFiles/cmTC_99f64.dir/CheckSymbolExists.c.o: In function `main':
CheckSymbolExists.c:(.text+0x1b): undefined reference to `pthread_create'
collect2: error: ld returned 1 exit status
CMakeFiles/cmTC_99f64.dir/build.make:97: recipe for target 'cmTC_99f64' failed
make[1]: *** [cmTC_99f64] Error 1
make[1]: Leaving directory '/home/mika/Documents/snowglobe/sexp-cpp/CMakeFiles/CMakeTmp'
Makefile:126: recipe for target 'cmTC_99f64/fast' failed
make: *** [cmTC_99f64/fast] Error 2

File /home/mika/Documents/snowglobe/sexp-cpp/CMakeFiles/CMakeTmp/CheckSymbolExists.c:
/* */
#include <pthread.h>

int main(int argc, char** argv)
{
  (void)argv;
#ifndef pthread_create
  return ((int*)(&pthread_create))[argc];
#else
  (void)argc;
  return 0;
#endif
}

Determining if the function pthread_create exists in the pthreads failed with the following output:
Change Dir: /home/mika/Documents/snowglobe/sexp-cpp/CMakeFiles/CMakeTmp

Run Build Command:"/usr/bin/make" "cmTC_8f532/fast"
/usr/bin/make -f CMakeFiles/cmTC_8f532.dir/build.make CMakeFiles/cmTC_8f532.dir/build
make[1]: Entering directory '/home/mika/Documents/snowglobe/sexp-cpp/CMakeFiles/CMakeTmp'
Building C object CMakeFiles/cmTC_8f532.dir/CheckFunctionExists.c.o
/usr/bin/cc    -DCHECK_FUNCTION_EXISTS=pthread_create   -o CMakeFiles/cmTC_8f532.dir/CheckFunctionExists.c.o   -c /usr/share/cmake-3.7/Modules/CheckFunctionExists.c
Linking C executable cmTC_8f532
/usr/bin/cmake -E cmake_link_script CMakeFiles/cmTC_8f532.dir/link.txt --verbose=1
/usr/bin/cc   -DCHECK_FUNCTION_EXISTS=pthread_create    CMakeFiles/cmTC_8f532.dir/CheckFunctionExists.c.o  -o cmTC_8f532 -rdynamic -lpthreads 
/usr/bin/ld: cannot find -lpthreads
collect2: error: ld returned 1 exit status
CMakeFiles/cmTC_8f532.dir/build.make:97: recipe for target 'cmTC_8f532' failed
make[1]: *** [cmTC_8f532] Error 1
make[1]: Leaving directory '/home/mika/Documents/snowglobe/sexp-cpp/CMakeFiles/CMakeTmp'
Makefile:126: recipe for target 'cmTC_8f532/fast' failed
make: *** [cmTC_8f532/fast] Error 2


Determining if the pthread_create exist failed with the following output:
Change Dir: /home/mika/Documents/snowglobe/deps/sexp-cpp/CMakeFiles/CMakeTmp

Run Build Command:"/usr/bin/make" "cmTC_d91cb/fast"
/usr/bin/make -f CMakeFiles/cmTC_d91cb.dir/build.make CMakeFiles/cmTC_d91cb.dir/build
make[1]: Entering directory '/home/mika/Documents/snowglobe/deps/sexp-cpp/CMakeFiles/CMakeTmp'
Building C object CMakeFiles/cmTC_d91cb.dir/CheckSymbolExists.c.o
/usr/bin/cc     -o CMakeFiles/cmTC_d91cb.dir/CheckSymbolExists.c.o   -c /home/mika/Documents/snowglobe/deps/sexp-cpp/CMakeFiles/CMakeTmp/CheckSymbolExists.c
Linking C executable cmTC_d91cb
/usr/bin/cmake -E cmake_link_script CMakeFiles/cmTC_d91cb.dir/link.txt --verbose=1
/usr/bin/cc       CMakeFiles/cmTC_d91cb.dir/CheckSymbolExists.c.o  -o cmTC_d91cb -rdynamic 
CMakeFiles/cmTC_d91cb.dir/CheckSymbolExists.c.o: In function `main':
CheckSymbolExists.c:(.text+0x1b): undefined reference to `pthread_create'
collect2: error: ld returned 1 exit status
CMakeFiles/cmTC_d91cb.dir/build.make:97: recipe for target 'cmTC_d91cb' failed
make[1]: *** [cmTC_d91cb] Error 1
make[1]: Leaving directory '/home/mika/Documents/snowglobe/deps/sexp-cpp/CMakeFiles/CMakeTmp'
Makefile:126: recipe for target 'cmTC_d91cb/fast' failed
make: *** [cmTC_d91cb/fast] Error 2

File /home/mika/Documents/snowglobe/deps/sexp-cpp/CMakeFiles/CMakeTmp/CheckSymbolExists.c:
/* */
#include <pthread.h>

int main(int argc, char** argv)
{
  (void)argv;
#ifndef pthread_create
  return ((int*)(&pthread_create))[argc];
#else
  (void)argc;
  return 0;
#endif
}

Determining if the function pthread_create exists in the pthreads failed with the following output:
Change Dir: /home/mika/Documents/snowglobe/deps/sexp-cpp/CMakeFiles/CMakeTmp

Run Build Command:"/usr/bin/make" "cmTC_6c104/fast"
/usr/bin/make -f CMakeFiles/cmTC_6c104.dir/build.make CMakeFiles/cmTC_6c104.dir/build
make[1]: Entering directory '/home/mika/Documents/snowglobe/deps/sexp-cpp/CMakeFiles/CMakeTmp'
Building C object CMakeFiles/cmTC_6c104.dir/CheckFunctionExists.c.o
/usr/bin/cc    -DCHECK_FUNCTION_EXISTS=pthread_create   -o CMakeFiles/cmTC_6c104.dir/CheckFunctionExists.c.o   -c /usr/share/cmake-3.7/Modules/CheckFunctionExists.c
Linking C executable cmTC_6c104
/usr/bin/cmake -E cmake_link_script CMakeFiles/cmTC_6c104.dir/link.txt --verbose=1
/usr/bin/cc   -DCHECK_FUNCTION_EXISTS=pthread_create    CMakeFiles/cmTC_6c104.dir/CheckFunctionExists.c.o  -o cmTC_6c104 -rdynamic -lpthreads 
/usr/bin/ld: cannot find -lpthreads
collect2: error: ld returned 1 exit status
CMakeFiles/cmTC_6c104.dir/build.make:97: recipe for target 'cmTC_6c104' failed
make[1]: *** [cmTC_6c104] Error 1
make[1]: Leaving directory '/home/mika/Documents/snowglobe/deps/sexp-cpp/CMakeFiles/CMakeTmp'
Makefile:126: recipe for target 'cmTC_6c104/fast' failed
make: *** [cmTC_6c104/fast] Error 2


